<?xml version="1.0" encoding="UTF-8"?>
<testng-results ignored="0" total="1" passed="1" failed="0" skipped="0">
  <reporter-output>
  </reporter-output>
  <suite started-at="2022-06-13T16:31:35 IST" name="Default suite" finished-at="2022-06-13T16:31:44 IST" duration-ms="9470">
    <groups>
    </groups>
    <test started-at="2022-06-13T16:31:35 IST" name="Default test" finished-at="2022-06-13T16:31:44 IST" duration-ms="9470">
      <class name="Test.PinPageTest">
        <test-method is-config="true" signature="LaunchBrowser()[pri:0, instance:Test.PinPageTest@5d0a1059]" started-at="2022-06-13T16:31:35 IST" name="LaunchBrowser" finished-at="2022-06-13T16:31:40 IST" duration-ms="5438" status="PASS">
          <reporter-output>
          </reporter-output>
        </test-method> <!-- LaunchBrowser -->
        <test-method signature="LogintoZerodhaWithPinTest()[pri:0, instance:Test.PinPageTest@5d0a1059]" started-at="2022-06-13T16:31:40 IST" name="LogintoZerodhaWithPinTest" finished-at="2022-06-13T16:31:44 IST" duration-ms="4001" status="PASS">
          <reporter-output>
          </reporter-output>
        </test-method> <!-- LogintoZerodhaWithPinTest -->
      </class> <!-- Test.PinPageTest -->
    </test> <!-- Default test -->
  </suite> <!-- Default suite -->
</testng-results>
